<?xml version="1.0" encoding="UTF-8"?>
<!-- Generated by org.testng.reporters.JUnitReportReporter -->
<testsuite hostname="LAPTOP-IBA9KA33" failures="0" tests="2" name="qaclickacademy.RestAssuredTest" time="0.011" errors="0" timestamp="03 Apr 2021 04:34:52 GMT" skipped="0">
  <testcase classname="qaclickacademy.RestAssuredTest" name="RestTwo" time="0.001"/>
  <testcase classname="qaclickacademy.RestAssuredTest" name="RestOne" time="0.010"/>
</testsuite> <!-- qaclickacademy.RestAssuredTest -->
