<?xml version="1.0" encoding="UTF-8"?>
<!-- Generated by org.testng.reporters.JUnitReportReporter -->
<testsuite hostname="LAPTOP-IBA9KA33" failures="0" tests="2" name="qaclickacademy.SeleniumTest" time="0.001" errors="0" timestamp="03 Apr 2021 04:34:52 GMT" skipped="0">
  <testcase classname="qaclickacademy.SeleniumTest" name="seleniumone" time="0.000"/>
  <testcase classname="qaclickacademy.SeleniumTest" name="seleniumtwo" time="0.001"/>
</testsuite> <!-- qaclickacademy.SeleniumTest -->
