<?xml version="1.0" encoding="UTF-8"?>
<!-- Generated by org.testng.reporters.JUnitReportReporter -->
<testsuite hostname="LAPTOP-IBA9KA33" failures="0" tests="2" name="qaclickacademy.AppiumTest" time="0.010" errors="0" timestamp="03 Apr 2021 04:40:10 GMT" skipped="0">
  <testcase classname="qaclickacademy.AppiumTest" name="Appiumone" time="0.010"/>
  <testcase classname="qaclickacademy.AppiumTest" name="Appiumtwo" time="0.000"/>
</testsuite> <!-- qaclickacademy.AppiumTest -->
